<?xml version="1.0" encoding="UTF-8"?>
<testng-results ignored="0" total="1" passed="1" failed="0" skipped="0">
  <reporter-output>
  </reporter-output>
  <suite started-at="2024-01-13T13:32:11 IST" name="Default suite" finished-at="2024-01-13T13:32:11 IST" duration-ms="122">
    <groups>
    </groups>
    <test started-at="2024-01-13T13:32:11 IST" name="Default test" finished-at="2024-01-13T13:32:11 IST" duration-ms="122">
      <class name="CoreJavapkg.com.PS1">
        <test-method is-config="true" signature="BeforeRun2()[pri:0, instance:CoreJavapkg.com.PS1@18f8cd79]" started-at="2024-01-13T13:32:11 IST" name="BeforeRun2" finished-at="2024-01-13T13:32:11 IST" duration-ms="16" status="PASS">
          <reporter-output>
          </reporter-output>
        </test-method> <!-- BeforeRun2 -->
        <test-method signature="TestRun()[pri:0, instance:CoreJavapkg.com.PS1@18f8cd79]" started-at="2024-01-13T13:32:11 IST" name="TestRun" finished-at="2024-01-13T13:32:11 IST" duration-ms="15" status="PASS">
          <reporter-output>
          </reporter-output>
        </test-method> <!-- TestRun -->
      </class> <!-- CoreJavapkg.com.PS1 -->
    </test> <!-- Default test -->
  </suite> <!-- Default suite -->
</testng-results>
