<?xml version="1.0" encoding="UTF-8"?>
<!-- Generated by org.testng.reporters.JUnitXMLReporter -->
<testsuite ignored="0" hostname="DESKTOP-F3LNGEQ" failures="0" tests="3" name="Default test" time="1.192" errors="0" timestamp="2024-01-29T15:28:19 IST">
  <testcase classname="ExcelDataDrivenTesting.DataDrivenExcel" name="TestCaseData" time="0.015"/>
  <testcase classname="ExcelDataDrivenTesting.DataDrivenExcel" name="TestCaseData" time="0.006"/>
  <testcase classname="ExcelDataDrivenTesting.DataDrivenExcel" name="TestCaseData" time="0.006"/>
</testsuite> <!-- Default test -->
