<?xml version="1.0" encoding="UTF-8"?>
<testng-results ignored="0" total="3" passed="3" failed="0" skipped="0">
  <reporter-output>
  </reporter-output>
  <suite started-at="2024-01-29T15:28:18 IST" name="Default suite" finished-at="2024-01-29T15:28:19 IST" duration-ms="1192">
    <groups>
    </groups>
    <test started-at="2024-01-29T15:28:18 IST" name="Default test" finished-at="2024-01-29T15:28:19 IST" duration-ms="1192">
      <class name="ExcelDataDrivenTesting.DataDrivenExcel">
        <test-method signature="TestCaseData(java.lang.String,java.lang.String,java.lang.String)[pri:0, instance:ExcelDataDrivenTesting.DataDrivenExcel@7db12bb6]" started-at="2024-01-29T15:28:19 IST" name="TestCaseData" data-provider="DataProviderDriven" finished-at="2024-01-29T15:28:19 IST" duration-ms="15" status="PASS">
          <params>
            <param index="0">
              <value>
                <![CDATA[abc]]>
              </value>
            </param>
            <param index="1">
              <value>
                <![CDATA[a]]>
              </value>
            </param>
            <param index="2">
              <value>
                <![CDATA[1]]>
              </value>
            </param>
          </params>
          <reporter-output>
          </reporter-output>
        </test-method> <!-- TestCaseData -->
        <test-method signature="TestCaseData(java.lang.String,java.lang.String,java.lang.String)[pri:0, instance:ExcelDataDrivenTesting.DataDrivenExcel@7db12bb6]" started-at="2024-01-29T15:28:19 IST" name="TestCaseData" data-provider="DataProviderDriven" finished-at="2024-01-29T15:28:19 IST" duration-ms="6" status="PASS">
          <params>
            <param index="0">
              <value>
                <![CDATA[xyz]]>
              </value>
            </param>
            <param index="1">
              <value>
                <![CDATA[b]]>
              </value>
            </param>
            <param index="2">
              <value>
                <![CDATA[2]]>
              </value>
            </param>
          </params>
          <reporter-output>
          </reporter-output>
        </test-method> <!-- TestCaseData -->
        <test-method signature="TestCaseData(java.lang.String,java.lang.String,java.lang.String)[pri:0, instance:ExcelDataDrivenTesting.DataDrivenExcel@7db12bb6]" started-at="2024-01-29T15:28:19 IST" name="TestCaseData" data-provider="DataProviderDriven" finished-at="2024-01-29T15:28:19 IST" duration-ms="6" status="PASS">
          <params>
            <param index="0">
              <value>
                <![CDATA[lmn]]>
              </value>
            </param>
            <param index="1">
              <value>
                <![CDATA[c]]>
              </value>
            </param>
            <param index="2">
              <value>
                <![CDATA[3]]>
              </value>
            </param>
          </params>
          <reporter-output>
          </reporter-output>
        </test-method> <!-- TestCaseData -->
      </class> <!-- ExcelDataDrivenTesting.DataDrivenExcel -->
    </test> <!-- Default test -->
  </suite> <!-- Default suite -->
</testng-results>
